Determining if the pthread_create exist failed with the following output:
Change Dir: /home/near/work/cppOpenCV/affine/build/CMakeFiles/CMakeTmp

Run Build Command:"/usr/bin/make" "cmTC_06772/fast"
/usr/bin/make -f CMakeFiles/cmTC_06772.dir/build.make CMakeFiles/cmTC_06772.dir/build
make[1]: Entering directory '/home/near/work/cppOpenCV/affine/build/CMakeFiles/CMakeTmp'
Building C object CMakeFiles/cmTC_06772.dir/CheckSymbolExists.c.o
/usr/bin/cc   -fPIC    -o CMakeFiles/cmTC_06772.dir/CheckSymbolExists.c.o   -c /home/near/work/cppOpenCV/affine/build/CMakeFiles/CMakeTmp/CheckSymbolExists.c
Linking C executable cmTC_06772
/usr/bin/cmake -E cmake_link_script CMakeFiles/cmTC_06772.dir/link.txt --verbose=1
/usr/bin/cc -fPIC     -rdynamic CMakeFiles/cmTC_06772.dir/CheckSymbolExists.c.o  -o cmTC_06772 
CMakeFiles/cmTC_06772.dir/CheckSymbolExists.c.o: In function `main':
CheckSymbolExists.c:(.text+0x14): undefined reference to `pthread_create'
CheckSymbolExists.c:(.text+0x18): undefined reference to `pthread_create'
collect2: error: ld returned 1 exit status
CMakeFiles/cmTC_06772.dir/build.make:97: recipe for target 'cmTC_06772' failed
make[1]: *** [cmTC_06772] Error 1
make[1]: Leaving directory '/home/near/work/cppOpenCV/affine/build/CMakeFiles/CMakeTmp'
Makefile:126: recipe for target 'cmTC_06772/fast' failed
make: *** [cmTC_06772/fast] Error 2

File /home/near/work/cppOpenCV/affine/build/CMakeFiles/CMakeTmp/CheckSymbolExists.c:
/* */
#include <pthread.h>

int main(int argc, char** argv)
{
  (void)argv;
#ifndef pthread_create
  return ((int*)(&pthread_create))[argc];
#else
  (void)argc;
  return 0;
#endif
}

Determining if the function pthread_create exists in the pthreads failed with the following output:
Change Dir: /home/near/work/cppOpenCV/affine/build/CMakeFiles/CMakeTmp

Run Build Command:"/usr/bin/make" "cmTC_f671e/fast"
/usr/bin/make -f CMakeFiles/cmTC_f671e.dir/build.make CMakeFiles/cmTC_f671e.dir/build
make[1]: Entering directory '/home/near/work/cppOpenCV/affine/build/CMakeFiles/CMakeTmp'
Building C object CMakeFiles/cmTC_f671e.dir/CheckFunctionExists.c.o
/usr/bin/cc   -fPIC -DCHECK_FUNCTION_EXISTS=pthread_create   -o CMakeFiles/cmTC_f671e.dir/CheckFunctionExists.c.o   -c /usr/share/cmake-3.10/Modules/CheckFunctionExists.c
Linking C executable cmTC_f671e
/usr/bin/cmake -E cmake_link_script CMakeFiles/cmTC_f671e.dir/link.txt --verbose=1
/usr/bin/cc -fPIC -DCHECK_FUNCTION_EXISTS=pthread_create    -rdynamic CMakeFiles/cmTC_f671e.dir/CheckFunctionExists.c.o  -o cmTC_f671e -lpthreads 
/usr/bin/ld: cannot find -lpthreads
collect2: error: ld returned 1 exit status
CMakeFiles/cmTC_f671e.dir/build.make:97: recipe for target 'cmTC_f671e' failed
make[1]: *** [cmTC_f671e] Error 1
make[1]: Leaving directory '/home/near/work/cppOpenCV/affine/build/CMakeFiles/CMakeTmp'
Makefile:126: recipe for target 'cmTC_f671e/fast' failed
make: *** [cmTC_f671e/fast] Error 2


