Determining if the pthread_create exist failed with the following output:
Change Dir: /home/near/work/cppOpenCV/sampleMovie/build/CMakeFiles/CMakeTmp

Run Build Command:"/usr/bin/make" "cmTC_88f82/fast"
/usr/bin/make -f CMakeFiles/cmTC_88f82.dir/build.make CMakeFiles/cmTC_88f82.dir/build
make[1]: Entering directory '/home/near/work/cppOpenCV/sampleMovie/build/CMakeFiles/CMakeTmp'
Building C object CMakeFiles/cmTC_88f82.dir/CheckSymbolExists.c.o
/usr/bin/cc   -fPIC    -o CMakeFiles/cmTC_88f82.dir/CheckSymbolExists.c.o   -c /home/near/work/cppOpenCV/sampleMovie/build/CMakeFiles/CMakeTmp/CheckSymbolExists.c
Linking C executable cmTC_88f82
/usr/bin/cmake -E cmake_link_script CMakeFiles/cmTC_88f82.dir/link.txt --verbose=1
/usr/bin/cc -fPIC     -rdynamic CMakeFiles/cmTC_88f82.dir/CheckSymbolExists.c.o  -o cmTC_88f82 
CMakeFiles/cmTC_88f82.dir/CheckSymbolExists.c.o: In function `main':
CheckSymbolExists.c:(.text+0x14): undefined reference to `pthread_create'
CheckSymbolExists.c:(.text+0x18): undefined reference to `pthread_create'
collect2: error: ld returned 1 exit status
CMakeFiles/cmTC_88f82.dir/build.make:97: recipe for target 'cmTC_88f82' failed
make[1]: *** [cmTC_88f82] Error 1
make[1]: Leaving directory '/home/near/work/cppOpenCV/sampleMovie/build/CMakeFiles/CMakeTmp'
Makefile:126: recipe for target 'cmTC_88f82/fast' failed
make: *** [cmTC_88f82/fast] Error 2

File /home/near/work/cppOpenCV/sampleMovie/build/CMakeFiles/CMakeTmp/CheckSymbolExists.c:
/* */
#include <pthread.h>

int main(int argc, char** argv)
{
  (void)argv;
#ifndef pthread_create
  return ((int*)(&pthread_create))[argc];
#else
  (void)argc;
  return 0;
#endif
}

Determining if the function pthread_create exists in the pthreads failed with the following output:
Change Dir: /home/near/work/cppOpenCV/sampleMovie/build/CMakeFiles/CMakeTmp

Run Build Command:"/usr/bin/make" "cmTC_2e83b/fast"
/usr/bin/make -f CMakeFiles/cmTC_2e83b.dir/build.make CMakeFiles/cmTC_2e83b.dir/build
make[1]: Entering directory '/home/near/work/cppOpenCV/sampleMovie/build/CMakeFiles/CMakeTmp'
Building C object CMakeFiles/cmTC_2e83b.dir/CheckFunctionExists.c.o
/usr/bin/cc   -fPIC -DCHECK_FUNCTION_EXISTS=pthread_create   -o CMakeFiles/cmTC_2e83b.dir/CheckFunctionExists.c.o   -c /usr/share/cmake-3.10/Modules/CheckFunctionExists.c
Linking C executable cmTC_2e83b
/usr/bin/cmake -E cmake_link_script CMakeFiles/cmTC_2e83b.dir/link.txt --verbose=1
/usr/bin/cc -fPIC -DCHECK_FUNCTION_EXISTS=pthread_create    -rdynamic CMakeFiles/cmTC_2e83b.dir/CheckFunctionExists.c.o  -o cmTC_2e83b -lpthreads 
/usr/bin/ld: cannot find -lpthreads
collect2: error: ld returned 1 exit status
CMakeFiles/cmTC_2e83b.dir/build.make:97: recipe for target 'cmTC_2e83b' failed
make[1]: *** [cmTC_2e83b] Error 1
make[1]: Leaving directory '/home/near/work/cppOpenCV/sampleMovie/build/CMakeFiles/CMakeTmp'
Makefile:126: recipe for target 'cmTC_2e83b/fast' failed
make: *** [cmTC_2e83b/fast] Error 2


